L 08/02/2025 - 02:54:32: SourceMod log file session started (file "F:\SteamLibrary\steamapps\common\Left 4 Dead 2 Dedicated Server\left4dead2\addons\sourcemod\logs\L20250802.log") (Version "1.12.0.7195")
L 08/02/2025 - 02:54:32: [basecommands.smx] "Console<0><Console><Console>" changed cvar (cvar "sv_minrate") (value "100000")
L 08/02/2025 - 02:54:32: [basecommands.smx] "Console<0><Console><Console>" changed cvar (cvar "sv_maxrate") (value "10000")
L 08/02/2025 - 02:54:32: [basecommands.smx] "Console<0><Console><Console>" changed cvar (cvar "sv_minupdaterate") (value "60")
L 08/02/2025 - 02:54:32: [basecommands.smx] "Console<0><Console><Console>" changed cvar (cvar "sv_maxupdaterate") (value "100")
L 08/02/2025 - 02:54:32: [basecommands.smx] "Console<0><Console><Console>" changed cvar (cvar "sv_maxcmdrate") (value "100")
L 08/02/2025 - 02:54:32: [basecommands.smx] "Console<0><Console><Console>" changed cvar (cvar "fps_max") (value "1000")
L 08/02/2025 - 02:54:32: [basecommands.smx] "Console<0><Console><Console>" changed cvar (cvar "sv_maxplayers") (value "16")
L 08/02/2025 - 07:00:27: Log file closed.
L 08/02/2025 - 23:22:10: SourceMod log file session started (file "F:\SteamLibrary\steamapps\common\Left 4 Dead 2 Dedicated Server\left4dead2\addons\sourcemod\logs\L20250802.log") (Version "1.12.0.7195")
L 08/02/2025 - 23:22:10: [basecommands.smx] "Console<0><Console><Console>" changed cvar (cvar "sv_minrate") (value "100000")
L 08/02/2025 - 23:22:10: [basecommands.smx] "Console<0><Console><Console>" changed cvar (cvar "sv_maxrate") (value "10000")
L 08/02/2025 - 23:22:10: [basecommands.smx] "Console<0><Console><Console>" changed cvar (cvar "sv_minupdaterate") (value "60")
L 08/02/2025 - 23:22:10: [basecommands.smx] "Console<0><Console><Console>" changed cvar (cvar "sv_maxupdaterate") (value "100")
L 08/02/2025 - 23:22:10: [basecommands.smx] "Console<0><Console><Console>" changed cvar (cvar "sv_maxcmdrate") (value "100")
L 08/02/2025 - 23:22:10: [basecommands.smx] "Console<0><Console><Console>" changed cvar (cvar "fps_max") (value "1000")
L 08/02/2025 - 23:22:10: [basecommands.smx] "Console<0><Console><Console>" changed cvar (cvar "sv_maxplayers") (value "16")
L 08/02/2025 - 23:22:23: Log file closed.
L 08/02/2025 - 23:23:04: SourceMod log file session started (file "F:\SteamLibrary\steamapps\common\Left 4 Dead 2 Dedicated Server\left4dead2\addons\sourcemod\logs\L20250802.log") (Version "1.12.0.7195")
L 08/02/2025 - 23:23:04: [basecommands.smx] "Console<0><Console><Console>" changed cvar (cvar "sv_minrate") (value "100000")
L 08/02/2025 - 23:23:04: [basecommands.smx] "Console<0><Console><Console>" changed cvar (cvar "sv_maxrate") (value "10000")
L 08/02/2025 - 23:23:04: [basecommands.smx] "Console<0><Console><Console>" changed cvar (cvar "sv_minupdaterate") (value "60")
L 08/02/2025 - 23:23:04: [basecommands.smx] "Console<0><Console><Console>" changed cvar (cvar "sv_maxupdaterate") (value "100")
L 08/02/2025 - 23:23:04: [basecommands.smx] "Console<0><Console><Console>" changed cvar (cvar "sv_maxcmdrate") (value "100")
L 08/02/2025 - 23:23:04: [basecommands.smx] "Console<0><Console><Console>" changed cvar (cvar "fps_max") (value "1000")
L 08/02/2025 - 23:23:04: [basecommands.smx] "Console<0><Console><Console>" changed cvar (cvar "sv_maxplayers") (value "16")
L 08/03/2025 - 01:58:33: Log file closed.
