L 03/17/2025 - 23:42:13: SourceMod log file session started (file "F:\SteamLibrary\steamapps\common\Left 4 Dead 2 Dedicated Server\left4dead2\addons\sourcemod\logs\L20250317.log") (Version "1.12.0.7195")
L 03/17/2025 - 23:42:13: [basecommands.smx] "Console<0><Console><Console>" changed cvar (cvar "sv_minrate") (value "100000")
L 03/17/2025 - 23:42:13: [basecommands.smx] "Console<0><Console><Console>" changed cvar (cvar "sv_maxrate") (value "10000")
L 03/17/2025 - 23:42:13: [basecommands.smx] "Console<0><Console><Console>" changed cvar (cvar "sv_minupdaterate") (value "60")
L 03/17/2025 - 23:42:13: [basecommands.smx] "Console<0><Console><Console>" changed cvar (cvar "sv_maxupdaterate") (value "100")
L 03/17/2025 - 23:42:13: [basecommands.smx] "Console<0><Console><Console>" changed cvar (cvar "sv_maxcmdrate") (value "100")
L 03/17/2025 - 23:42:13: [basecommands.smx] "Console<0><Console><Console>" changed cvar (cvar "fps_max") (value "1000")
L 03/17/2025 - 23:42:13: [basecommands.smx] "Console<0><Console><Console>" changed cvar (cvar "nb_update_frequency") (value "0.03")
L 03/17/2025 - 23:42:13: [basecommands.smx] "Console<0><Console><Console>" changed cvar (cvar "sv_client_min_interp_ratio") (value "0")
L 03/17/2025 - 23:42:13: [basecommands.smx] "Console<0><Console><Console>" changed cvar (cvar "sv_client_max_interp_ratio") (value "-1")
L 03/17/2025 - 23:42:13: [basecommands.smx] "Console<0><Console><Console>" changed cvar (cvar "fps_max") (value "0")
L 03/17/2025 - 23:42:13: [basecommands.smx] "Console<0><Console><Console>" changed cvar (cvar "net_splitpacket_maxrate") (value "50000")
L 03/17/2025 - 23:42:30: Log file closed.
L 03/17/2025 - 23:42:41: SourceMod log file session started (file "F:\SteamLibrary\steamapps\common\Left 4 Dead 2 Dedicated Server\left4dead2\addons\sourcemod\logs\L20250317.log") (Version "1.12.0.7195")
L 03/17/2025 - 23:42:41: [basecommands.smx] "Console<0><Console><Console>" changed cvar (cvar "sv_minrate") (value "100000")
L 03/17/2025 - 23:42:41: [basecommands.smx] "Console<0><Console><Console>" changed cvar (cvar "sv_maxrate") (value "10000")
L 03/17/2025 - 23:42:41: [basecommands.smx] "Console<0><Console><Console>" changed cvar (cvar "sv_minupdaterate") (value "60")
L 03/17/2025 - 23:42:41: [basecommands.smx] "Console<0><Console><Console>" changed cvar (cvar "sv_maxupdaterate") (value "100")
L 03/17/2025 - 23:42:41: [basecommands.smx] "Console<0><Console><Console>" changed cvar (cvar "sv_maxcmdrate") (value "100")
L 03/17/2025 - 23:42:41: [basecommands.smx] "Console<0><Console><Console>" changed cvar (cvar "fps_max") (value "1000")
L 03/17/2025 - 23:42:41: [basecommands.smx] "Console<0><Console><Console>" changed cvar (cvar "nb_update_frequency") (value "0.03")
L 03/17/2025 - 23:42:41: [basecommands.smx] "Console<0><Console><Console>" changed cvar (cvar "sv_client_min_interp_ratio") (value "0")
L 03/17/2025 - 23:42:41: [basecommands.smx] "Console<0><Console><Console>" changed cvar (cvar "sv_client_max_interp_ratio") (value "-1")
L 03/17/2025 - 23:42:41: [basecommands.smx] "Console<0><Console><Console>" changed cvar (cvar "fps_max") (value "0")
L 03/17/2025 - 23:42:41: [basecommands.smx] "Console<0><Console><Console>" changed cvar (cvar "net_splitpacket_maxrate") (value "50000")
L 03/17/2025 - 23:44:33: Log file closed.
L 03/17/2025 - 23:44:43: SourceMod log file session started (file "F:\SteamLibrary\steamapps\common\Left 4 Dead 2 Dedicated Server\left4dead2\addons\sourcemod\logs\L20250317.log") (Version "1.12.0.7195")
L 03/17/2025 - 23:44:43: [basecommands.smx] "Console<0><Console><Console>" changed cvar (cvar "sv_minrate") (value "100000")
L 03/17/2025 - 23:44:43: [basecommands.smx] "Console<0><Console><Console>" changed cvar (cvar "sv_maxrate") (value "10000")
L 03/17/2025 - 23:44:43: [basecommands.smx] "Console<0><Console><Console>" changed cvar (cvar "sv_minupdaterate") (value "60")
L 03/17/2025 - 23:44:43: [basecommands.smx] "Console<0><Console><Console>" changed cvar (cvar "sv_maxupdaterate") (value "100")
L 03/17/2025 - 23:44:43: [basecommands.smx] "Console<0><Console><Console>" changed cvar (cvar "sv_maxcmdrate") (value "100")
L 03/17/2025 - 23:44:43: [basecommands.smx] "Console<0><Console><Console>" changed cvar (cvar "fps_max") (value "1000")
L 03/17/2025 - 23:44:43: [basecommands.smx] "Console<0><Console><Console>" changed cvar (cvar "nb_update_frequency") (value "0.03")
L 03/17/2025 - 23:44:43: [basecommands.smx] "Console<0><Console><Console>" changed cvar (cvar "sv_client_min_interp_ratio") (value "0")
L 03/17/2025 - 23:44:43: [basecommands.smx] "Console<0><Console><Console>" changed cvar (cvar "sv_client_max_interp_ratio") (value "-1")
L 03/17/2025 - 23:44:43: [basecommands.smx] "Console<0><Console><Console>" changed cvar (cvar "fps_max") (value "0")
L 03/17/2025 - 23:44:43: [basecommands.smx] "Console<0><Console><Console>" changed cvar (cvar "net_splitpacket_maxrate") (value "50000")
L 03/17/2025 - 23:49:45: Log file closed.
L 03/17/2025 - 23:50:06: SourceMod log file session started (file "F:\SteamLibrary\steamapps\common\Left 4 Dead 2 Dedicated Server\left4dead2\addons\sourcemod\logs\L20250317.log") (Version "1.12.0.7195")
L 03/17/2025 - 23:50:06: [basecommands.smx] "Console<0><Console><Console>" changed cvar (cvar "sv_minrate") (value "100000")
L 03/17/2025 - 23:50:06: [basecommands.smx] "Console<0><Console><Console>" changed cvar (cvar "sv_maxrate") (value "10000")
L 03/17/2025 - 23:50:06: [basecommands.smx] "Console<0><Console><Console>" changed cvar (cvar "sv_minupdaterate") (value "60")
L 03/17/2025 - 23:50:06: [basecommands.smx] "Console<0><Console><Console>" changed cvar (cvar "sv_maxupdaterate") (value "100")
L 03/17/2025 - 23:50:06: [basecommands.smx] "Console<0><Console><Console>" changed cvar (cvar "sv_maxcmdrate") (value "100")
L 03/17/2025 - 23:50:06: [basecommands.smx] "Console<0><Console><Console>" changed cvar (cvar "fps_max") (value "1000")
L 03/17/2025 - 23:50:06: [basecommands.smx] "Console<0><Console><Console>" changed cvar (cvar "nb_update_frequency") (value "0.03")
L 03/17/2025 - 23:50:06: [basecommands.smx] "Console<0><Console><Console>" changed cvar (cvar "sv_client_min_interp_ratio") (value "0")
L 03/17/2025 - 23:50:06: [basecommands.smx] "Console<0><Console><Console>" changed cvar (cvar "sv_client_max_interp_ratio") (value "-1")
L 03/17/2025 - 23:50:06: [basecommands.smx] "Console<0><Console><Console>" changed cvar (cvar "fps_max") (value "0")
L 03/17/2025 - 23:50:06: [basecommands.smx] "Console<0><Console><Console>" changed cvar (cvar "net_splitpacket_maxrate") (value "50000")
L 03/17/2025 - 23:51:27: [basecommands.smx] "Console<0><Console><Console>" changed cvar (cvar "sv_maxplayers") (value "8")
L 03/18/2025 - 00:09:58: Log file closed.
